2025-08-06 15:55:30,449 - INFO - Initializing financial flow for AMZN
2025-08-06 15:55:30,449 - INFO - Starting financial analysis...
2025-08-06 15:55:30,487 - INFO - Initialized FinancialCrew for AMZN
2025-08-06 15:55:30,662 - INFO - 
LiteLLM completion() model= llama3.2:1b; provider = ollama
2025-08-06 15:55:32,832 - INFO - HTTP Request: POST http://localhost:11434/api/show "HTTP/1.1 200 OK"
2025-08-06 15:56:20,223 - INFO - HTTP Request: POST http://localhost:11434/api/generate "HTTP/1.1 200 OK"
2025-08-06 15:56:20,224 - INFO - Wrapper: Completed Call, calling success_handler
2025-08-06 15:56:22,356 - INFO - HTTP Request: POST http://localhost:11434/api/show "HTTP/1.1 200 OK"
2025-08-06 15:56:22,356 - INFO - HTTP Request: POST http://localhost:11434/api/show "HTTP/1.1 200 OK"
2025-08-06 15:56:22,386 - INFO - 
LiteLLM completion() model= llama3.2:1b; provider = ollama
2025-08-06 15:56:22,419 - INFO - HTTP Request: POST http://localhost:11434/api/show "HTTP/1.1 200 OK"
2025-08-06 15:56:22,441 - INFO - HTTP Request: POST http://localhost:11434/api/show "HTTP/1.1 200 OK"
2025-08-06 15:56:22,474 - INFO - HTTP Request: POST http://localhost:11434/api/show "HTTP/1.1 200 OK"
2025-08-06 15:56:45,753 - INFO - HTTP Request: POST http://localhost:11434/api/generate "HTTP/1.1 200 OK"
2025-08-06 15:56:45,754 - INFO - Wrapper: Completed Call, calling success_handler
2025-08-06 15:56:47,871 - INFO - HTTP Request: POST http://localhost:11434/api/show "HTTP/1.1 200 OK"
2025-08-06 15:56:47,884 - INFO - HTTP Request: POST http://localhost:11434/api/show "HTTP/1.1 200 OK"
2025-08-06 15:56:47,909 - ERROR - Pipeline execution failed: 'CrewOutput' object has no attribute 'get'
2025-08-06 15:56:47,910 - INFO - Generating flow visualization...
2025-08-06 15:56:47,920 - ERROR - Flow execution failed: failed to execute WindowsPath('dot'), make sure the Graphviz executables are on your systems' PATH
Traceback (most recent call last):
  File "C:\Users\padma\AppData\Local\Programs\Python\Python311\Lib\site-packages\graphviz\backend\execute.py", line 81, in run_check
    proc = subprocess.run(cmd, **kwargs)
           ^^^^^^^^^^^^^^^^^^^^^^^^^^^^^
  File "C:\Users\padma\AppData\Local\Programs\Python\Python311\Lib\subprocess.py", line 548, in run
    with Popen(*popenargs, **kwargs) as process:
         ^^^^^^^^^^^^^^^^^^^^^^^^^^^
  File "C:\Users\padma\AppData\Local\Programs\Python\Python311\Lib\subprocess.py", line 1024, in __init__
    self._execute_child(args, executable, preexec_fn, close_fds,
  File "C:\Users\padma\AppData\Local\Programs\Python\Python311\Lib\subprocess.py", line 1493, in _execute_child
    hp, ht, pid, tid = _winapi.CreateProcess(executable, args,
                       ^^^^^^^^^^^^^^^^^^^^^^^^^^^^^^^^^^^^^^^
FileNotFoundError: [WinError 2] The system cannot find the file specified

The above exception was the direct cause of the following exception:

Traceback (most recent call last):
  File "D:\z_llm\crewai_poc_with_llama_openai\main.py", line 23, in main
    flow.visualize()
  File "D:\z_llm\crewai_poc_with_llama_openai\flows\financial_flow.py", line 106, in visualize
    dot.render(filepath, format=format, cleanup=True)
  File "C:\Users\padma\AppData\Local\Programs\Python\Python311\Lib\site-packages\graphviz\_tools.py", line 171, in wrapper
    return func(*args, **kwargs)
           ^^^^^^^^^^^^^^^^^^^^^
  File "C:\Users\padma\AppData\Local\Programs\Python\Python311\Lib\site-packages\graphviz\rendering.py", line 122, in render
    rendered = self._render(*args, **kwargs)
               ^^^^^^^^^^^^^^^^^^^^^^^^^^^^^
  File "C:\Users\padma\AppData\Local\Programs\Python\Python311\Lib\site-packages\graphviz\_tools.py", line 171, in wrapper
    return func(*args, **kwargs)
           ^^^^^^^^^^^^^^^^^^^^^
  File "C:\Users\padma\AppData\Local\Programs\Python\Python311\Lib\site-packages\graphviz\backend\rendering.py", line 324, in render
    execute.run_check(cmd,
  File "C:\Users\padma\AppData\Local\Programs\Python\Python311\Lib\site-packages\graphviz\backend\execute.py", line 84, in run_check
    raise ExecutableNotFound(cmd) from e
graphviz.backend.execute.ExecutableNotFound: failed to execute WindowsPath('dot'), make sure the Graphviz executables are on your systems' PATH
2025-08-06 15:56:47,924 - INFO - HTTP Request: POST http://localhost:11434/api/show "HTTP/1.1 200 OK"
2025-08-06 15:56:48,030 - INFO - HTTP Request: POST http://localhost:11434/api/show "HTTP/1.1 200 OK"
2025-08-06 21:54:25,780 - INFO - Initializing financial flow for AMZN
2025-08-06 21:54:25,780 - INFO - Starting financial analysis...
2025-08-06 21:54:25,797 - INFO - Initialized FinancialCrew for AMZN
2025-08-06 21:54:26,012 - INFO - 
LiteLLM completion() model= llama3.2:1b; provider = ollama
2025-08-06 21:54:28,159 - INFO - HTTP Request: POST http://localhost:11434/api/show "HTTP/1.1 200 OK"
2025-08-06 21:54:33,364 - INFO - HTTP Request: POST http://localhost:11434/api/generate "HTTP/1.1 200 OK"
2025-08-06 21:54:33,365 - INFO - Wrapper: Completed Call, calling success_handler
2025-08-06 21:54:35,560 - INFO - HTTP Request: POST http://localhost:11434/api/show "HTTP/1.1 200 OK"
2025-08-06 21:54:35,560 - INFO - HTTP Request: POST http://localhost:11434/api/show "HTTP/1.1 200 OK"
2025-08-06 21:54:35,581 - INFO - 
LiteLLM completion() model= llama3.2:1b; provider = ollama
2025-08-06 21:54:35,624 - INFO - HTTP Request: POST http://localhost:11434/api/show "HTTP/1.1 200 OK"
2025-08-06 21:54:35,654 - INFO - HTTP Request: POST http://localhost:11434/api/show "HTTP/1.1 200 OK"
2025-08-06 21:54:35,695 - INFO - HTTP Request: POST http://localhost:11434/api/show "HTTP/1.1 200 OK"
2025-08-06 21:54:38,751 - INFO - HTTP Request: POST http://localhost:11434/api/generate "HTTP/1.1 200 OK"
2025-08-06 21:54:38,752 - INFO - Wrapper: Completed Call, calling success_handler
2025-08-06 21:54:38,827 - INFO - HTTP Request: POST http://localhost:11434/api/show "HTTP/1.1 200 OK"
2025-08-06 21:54:38,827 - INFO - HTTP Request: POST http://localhost:11434/api/show "HTTP/1.1 200 OK"
2025-08-06 21:54:38,852 - ERROR - Pipeline execution failed: 'CrewOutput' object has no attribute 'get'
2025-08-06 21:54:38,852 - INFO - Generating flow visualization...
2025-08-06 21:54:38,861 - ERROR - Flow execution failed: failed to execute WindowsPath('dot'), make sure the Graphviz executables are on your systems' PATH
Traceback (most recent call last):
  File "C:\Users\padma\AppData\Local\Programs\Python\Python311\Lib\site-packages\graphviz\backend\execute.py", line 81, in run_check
    proc = subprocess.run(cmd, **kwargs)
           ^^^^^^^^^^^^^^^^^^^^^^^^^^^^^
  File "C:\Users\padma\AppData\Local\Programs\Python\Python311\Lib\subprocess.py", line 548, in run
    with Popen(*popenargs, **kwargs) as process:
         ^^^^^^^^^^^^^^^^^^^^^^^^^^^
  File "C:\Users\padma\AppData\Local\Programs\Python\Python311\Lib\subprocess.py", line 1024, in __init__
    self._execute_child(args, executable, preexec_fn, close_fds,
  File "C:\Users\padma\AppData\Local\Programs\Python\Python311\Lib\subprocess.py", line 1493, in _execute_child
    hp, ht, pid, tid = _winapi.CreateProcess(executable, args,
                       ^^^^^^^^^^^^^^^^^^^^^^^^^^^^^^^^^^^^^^^
FileNotFoundError: [WinError 2] The system cannot find the file specified

The above exception was the direct cause of the following exception:

Traceback (most recent call last):
  File "D:\z_llm\crewai_poc_with_llama_openai\main.py", line 23, in main
    flow.visualize()
  File "D:\z_llm\crewai_poc_with_llama_openai\flows\financial_flow.py", line 106, in visualize
    dot.render(filepath, format=format, cleanup=True)
  File "C:\Users\padma\AppData\Local\Programs\Python\Python311\Lib\site-packages\graphviz\_tools.py", line 171, in wrapper
    return func(*args, **kwargs)
           ^^^^^^^^^^^^^^^^^^^^^
  File "C:\Users\padma\AppData\Local\Programs\Python\Python311\Lib\site-packages\graphviz\rendering.py", line 122, in render
    rendered = self._render(*args, **kwargs)
               ^^^^^^^^^^^^^^^^^^^^^^^^^^^^^
  File "C:\Users\padma\AppData\Local\Programs\Python\Python311\Lib\site-packages\graphviz\_tools.py", line 171, in wrapper
    return func(*args, **kwargs)
           ^^^^^^^^^^^^^^^^^^^^^
  File "C:\Users\padma\AppData\Local\Programs\Python\Python311\Lib\site-packages\graphviz\backend\rendering.py", line 324, in render
    execute.run_check(cmd,
  File "C:\Users\padma\AppData\Local\Programs\Python\Python311\Lib\site-packages\graphviz\backend\execute.py", line 84, in run_check
    raise ExecutableNotFound(cmd) from e
graphviz.backend.execute.ExecutableNotFound: failed to execute WindowsPath('dot'), make sure the Graphviz executables are on your systems' PATH
2025-08-06 21:54:38,888 - INFO - HTTP Request: POST http://localhost:11434/api/show "HTTP/1.1 200 OK"
2025-08-06 21:54:38,951 - INFO - HTTP Request: POST http://localhost:11434/api/show "HTTP/1.1 200 OK"
2025-08-06 21:59:05,810 - INFO - Initializing financial flow for AMZN
2025-08-06 21:59:05,810 - INFO - Starting financial analysis...
2025-08-06 21:59:05,826 - INFO - Initialized FinancialCrew for AMZN
2025-08-06 21:59:05,962 - INFO - 
LiteLLM completion() model= llama3.2:1b; provider = ollama
2025-08-06 21:59:08,226 - INFO - HTTP Request: POST http://localhost:11434/api/show "HTTP/1.1 200 OK"
2025-08-06 21:59:14,308 - INFO - HTTP Request: POST http://localhost:11434/api/generate "HTTP/1.1 200 OK"
2025-08-06 21:59:14,309 - INFO - Wrapper: Completed Call, calling success_handler
2025-08-06 21:59:16,464 - INFO - HTTP Request: POST http://localhost:11434/api/show "HTTP/1.1 200 OK"
2025-08-06 21:59:16,464 - INFO - HTTP Request: POST http://localhost:11434/api/show "HTTP/1.1 200 OK"
2025-08-06 21:59:16,494 - INFO - 
LiteLLM completion() model= llama3.2:1b; provider = ollama
2025-08-06 21:59:16,529 - INFO - HTTP Request: POST http://localhost:11434/api/show "HTTP/1.1 200 OK"
2025-08-06 21:59:16,564 - INFO - HTTP Request: POST http://localhost:11434/api/show "HTTP/1.1 200 OK"
2025-08-06 21:59:16,607 - INFO - HTTP Request: POST http://localhost:11434/api/show "HTTP/1.1 200 OK"
2025-08-06 21:59:43,712 - INFO - HTTP Request: POST http://localhost:11434/api/generate "HTTP/1.1 200 OK"
2025-08-06 21:59:43,713 - INFO - Wrapper: Completed Call, calling success_handler
2025-08-06 21:59:45,813 - INFO - HTTP Request: POST http://localhost:11434/api/show "HTTP/1.1 200 OK"
2025-08-06 21:59:45,821 - INFO - HTTP Request: POST http://localhost:11434/api/show "HTTP/1.1 200 OK"
2025-08-06 21:59:45,842 - INFO - Starting market research...
2025-08-06 21:59:45,847 - INFO - Initialized ResearchCrew for AMZN
2025-08-06 21:59:45,847 - INFO - Output directory prepared at D:\z_llm\crewai_poc_with_llama_openai\reports
2025-08-06 21:59:45,847 - INFO - Output will be saved to reports/AMZN_research_20250806_215945.md
2025-08-06 21:59:45,880 - INFO - 
LiteLLM completion() model= llama3.2:1b; provider = ollama
2025-08-06 21:59:45,915 - INFO - HTTP Request: POST http://localhost:11434/api/show "HTTP/1.1 200 OK"
2025-08-06 21:59:45,957 - INFO - HTTP Request: POST http://localhost:11434/api/show "HTTP/1.1 200 OK"
2025-08-06 21:59:45,993 - INFO - HTTP Request: POST http://localhost:11434/api/show "HTTP/1.1 200 OK"
2025-08-06 22:00:15,544 - INFO - HTTP Request: POST http://localhost:11434/api/generate "HTTP/1.1 200 OK"
2025-08-06 22:00:15,545 - INFO - Wrapper: Completed Call, calling success_handler
2025-08-06 22:00:17,713 - INFO - HTTP Request: POST http://localhost:11434/api/show "HTTP/1.1 200 OK"
2025-08-06 22:00:17,713 - INFO - HTTP Request: POST http://localhost:11434/api/show "HTTP/1.1 200 OK"
2025-08-06 22:00:17,756 - INFO - 
LiteLLM completion() model= llama3.2:1b; provider = ollama
2025-08-06 22:00:17,804 - INFO - HTTP Request: POST http://localhost:11434/api/show "HTTP/1.1 200 OK"
2025-08-06 22:00:17,838 - INFO - HTTP Request: POST http://localhost:11434/api/show "HTTP/1.1 200 OK"
2025-08-06 22:00:17,886 - INFO - HTTP Request: POST http://localhost:11434/api/show "HTTP/1.1 200 OK"
2025-08-06 22:00:23,515 - INFO - HTTP Request: POST http://localhost:11434/api/generate "HTTP/1.1 200 OK"
2025-08-06 22:00:23,516 - INFO - Wrapper: Completed Call, calling success_handler
2025-08-06 22:00:25,664 - INFO - HTTP Request: POST http://localhost:11434/api/show "HTTP/1.1 200 OK"
2025-08-06 22:00:25,664 - INFO - HTTP Request: POST http://localhost:11434/api/show "HTTP/1.1 200 OK"
2025-08-06 22:00:25,697 - ERROR - Flow execution failed: 'FinancialFlow' object has no attribute 'visualize'
Traceback (most recent call last):
  File "D:\z_llm\crewai_poc_with_llama_openai\main.py", line 23, in main
    flow.visualize()
    ^^^^^^^^^^^^^^
AttributeError: 'FinancialFlow' object has no attribute 'visualize'
2025-08-06 22:00:25,726 - INFO - HTTP Request: POST http://localhost:11434/api/show "HTTP/1.1 200 OK"
2025-08-06 22:00:25,815 - INFO - HTTP Request: POST http://localhost:11434/api/show "HTTP/1.1 200 OK"
2025-08-06 22:01:00,463 - INFO - Initializing financial flow for AMZN
2025-08-06 22:01:00,463 - INFO - Starting financial analysis...
2025-08-06 22:01:00,479 - INFO - Initialized FinancialCrew for AMZN
2025-08-06 22:01:00,629 - INFO - 
LiteLLM completion() model= llama3.2:1b; provider = ollama
2025-08-06 22:01:02,796 - INFO - HTTP Request: POST http://localhost:11434/api/show "HTTP/1.1 200 OK"
2025-08-06 22:01:40,557 - INFO - HTTP Request: POST http://localhost:11434/api/generate "HTTP/1.1 200 OK"
2025-08-06 22:01:40,558 - INFO - Wrapper: Completed Call, calling success_handler
2025-08-06 22:01:42,707 - INFO - HTTP Request: POST http://localhost:11434/api/show "HTTP/1.1 200 OK"
2025-08-06 22:01:42,708 - INFO - HTTP Request: POST http://localhost:11434/api/show "HTTP/1.1 200 OK"
2025-08-06 22:01:42,743 - INFO - 
LiteLLM completion() model= llama3.2:1b; provider = ollama
2025-08-06 22:01:42,791 - INFO - HTTP Request: POST http://localhost:11434/api/show "HTTP/1.1 200 OK"
2025-08-06 22:01:42,842 - INFO - HTTP Request: POST http://localhost:11434/api/show "HTTP/1.1 200 OK"
2025-08-06 22:01:42,893 - INFO - HTTP Request: POST http://localhost:11434/api/show "HTTP/1.1 200 OK"
2025-08-06 22:02:24,794 - INFO - HTTP Request: POST http://localhost:11434/api/generate "HTTP/1.1 200 OK"
2025-08-06 22:02:24,794 - INFO - Wrapper: Completed Call, calling success_handler
2025-08-06 22:02:26,905 - INFO - HTTP Request: POST http://localhost:11434/api/show "HTTP/1.1 200 OK"
2025-08-06 22:02:26,922 - INFO - HTTP Request: POST http://localhost:11434/api/show "HTTP/1.1 200 OK"
2025-08-06 22:02:26,967 - INFO - Starting market research...
2025-08-06 22:02:26,969 - INFO - HTTP Request: POST http://localhost:11434/api/show "HTTP/1.1 200 OK"
2025-08-06 22:02:26,975 - INFO - Initialized ResearchCrew for AMZN
2025-08-06 22:02:26,976 - INFO - Output directory prepared at D:\z_llm\crewai_poc_with_llama_openai\reports
2025-08-06 22:02:26,977 - INFO - Output will be saved to reports/AMZN_research_20250806_220226.md
2025-08-06 22:02:27,003 - INFO - 
LiteLLM completion() model= llama3.2:1b; provider = ollama
2025-08-06 22:02:27,036 - INFO - HTTP Request: POST http://localhost:11434/api/show "HTTP/1.1 200 OK"
2025-08-06 22:02:27,084 - INFO - HTTP Request: POST http://localhost:11434/api/show "HTTP/1.1 200 OK"
2025-08-06 22:02:29,708 - INFO - HTTP Request: POST http://localhost:11434/api/generate "HTTP/1.1 200 OK"
2025-08-06 22:02:29,709 - INFO - Wrapper: Completed Call, calling success_handler
2025-08-06 22:02:29,783 - INFO - HTTP Request: POST http://localhost:11434/api/show "HTTP/1.1 200 OK"
2025-08-06 22:02:29,783 - INFO - HTTP Request: POST http://localhost:11434/api/show "HTTP/1.1 200 OK"
2025-08-06 22:02:29,814 - INFO - 
LiteLLM completion() model= llama3.2:1b; provider = ollama
2025-08-06 22:02:29,856 - INFO - HTTP Request: POST http://localhost:11434/api/show "HTTP/1.1 200 OK"
2025-08-06 22:02:29,897 - INFO - HTTP Request: POST http://localhost:11434/api/show "HTTP/1.1 200 OK"
2025-08-06 22:02:29,936 - INFO - HTTP Request: POST http://localhost:11434/api/show "HTTP/1.1 200 OK"
2025-08-06 22:02:57,777 - INFO - HTTP Request: POST http://localhost:11434/api/generate "HTTP/1.1 200 OK"
2025-08-06 22:02:57,777 - INFO - Wrapper: Completed Call, calling success_handler
2025-08-06 22:02:59,931 - INFO - HTTP Request: POST http://localhost:11434/api/show "HTTP/1.1 200 OK"
2025-08-06 22:02:59,931 - INFO - HTTP Request: POST http://localhost:11434/api/show "HTTP/1.1 200 OK"
2025-08-06 22:02:59,975 - INFO - Flow completed successfully for AMZN
2025-08-06 22:03:00,013 - INFO - HTTP Request: POST http://localhost:11434/api/show "HTTP/1.1 200 OK"
2025-08-06 22:03:00,095 - INFO - HTTP Request: POST http://localhost:11434/api/show "HTTP/1.1 200 OK"
